<?xml version="1.0" encoding="UTF-8"?>
<!-- Generated by org.testng.reporters.JUnitReportReporter -->
<testsuite hostname="DESKTOP-DPB5V59" failures="0" tests="5" name="com.qa.aoe.tests.HomePageTest" time="10.416" errors="0" timestamp="08 Mar 2023 20:38:52 GMT" skipped="0">
  <testcase classname="com.qa.aoe.tests.HomePageTest" name="homePageTitleTest" time="0.154"/>
  <testcase classname="com.qa.aoe.tests.HomePageTest" name="homePageURLTest" time="0.008"/>
  <testcase classname="com.qa.aoe.tests.HomePageTest" name="acceptCookiesPopup" time="0.181"/>
  <testcase classname="com.qa.aoe.tests.HomePageTest" name="loginPageNavigationTest" time="2.414"/>
  <testcase classname="com.qa.aoe.tests.HomePageTest" name="filterOnVacanciesPage" time="7.659"/>
</testsuite> <!-- com.qa.aoe.tests.HomePageTest -->
