<?xml version="1.0" encoding="UTF-8"?>
<!-- Generated by org.testng.reporters.JUnitReportReporter -->
<testsuite hostname="DESKTOP-DPB5V59" failures="0" tests="5" name="com.qa.aoe.tests.HomeVacanciesPageTest" time="8.471" errors="0" timestamp="10 Mar 2023 10:15:37 GMT" skipped="0">
  <testcase classname="com.qa.aoe.tests.HomeVacanciesPageTest" name="homePageTitleTest" time="0.331"/>
  <testcase classname="com.qa.aoe.tests.HomeVacanciesPageTest" name="homePageURLTest" time="0.011"/>
  <testcase classname="com.qa.aoe.tests.HomeVacanciesPageTest" name="acceptCookiesPopup" time="0.109"/>
  <testcase classname="com.qa.aoe.tests.HomeVacanciesPageTest" name="vacanciesPageNavigationTest" time="2.338"/>
  <testcase classname="com.qa.aoe.tests.HomeVacanciesPageTest" name="filterOnVacanciesPage" time="5.682"/>
</testsuite> <!-- com.qa.aoe.tests.HomeVacanciesPageTest -->
